<?xml version="1.0" encoding="UTF-8"?>
<!-- Generated by org.testng.reporters.JUnitReportReporter -->
<testsuite skipped="0" hostname="LAP942813" name="testcheck.PHPTravels" tests="1" failures="0" timestamp="21 Feb 2018 14:03:18 GMT" time="13.325" errors="0">
  <testcase name="PHPTravelstest" time="13.325" classname="testcheck.PHPTravels"/>
</testsuite> <!-- testcheck.PHPTravels -->
