<?xml version="1.0" encoding="UTF-8"?>
<!-- Generated by org.testng.reporters.JUnitReportReporter -->
<testsuite skipped="0" hostname="LAP942813" name="testcheck.CompareTheMarket" tests="1" failures="0" timestamp="20 Feb 2018 09:28:28 GMT" time="15.454" errors="0">
  <testcase name="beforetest" time="15.454" classname="testcheck.CompareTheMarket"/>
</testsuite> <!-- testcheck.CompareTheMarket -->
